2021-09-10 11:50:04.173  INFO 1932 --- [restartedMain] com.bigbone.blog.BlogApplication         : Starting BlogApplication using Java 1.8.0_271 on LAPTOP-7SV67N3O with PID 1932 (D:\LXL\blog\target\classes started by nothing in D:\LXL\blog)
2021-09-10 11:50:04.212 DEBUG 1932 --- [restartedMain] com.bigbone.blog.BlogApplication         : Running with Spring Boot v2.5.4, Spring v5.3.9
2021-09-10 11:50:04.212  INFO 1932 --- [restartedMain] com.bigbone.blog.BlogApplication         : No active profile set, falling back to default profiles: default
2021-09-10 11:50:04.284  INFO 1932 --- [restartedMain] .e.DevToolsPropertyDefaultsPostProcessor : Devtools property defaults active! Set 'spring.devtools.add-properties' to 'false' to disable
2021-09-10 11:50:04.285  INFO 1932 --- [restartedMain] .e.DevToolsPropertyDefaultsPostProcessor : For additional web related logging consider setting the 'logging.level.web' property to 'DEBUG'
2021-09-10 11:50:06.547  INFO 1932 --- [restartedMain] o.s.b.w.embedded.tomcat.TomcatWebServer  : Tomcat initialized with port(s): 8080 (http)
2021-09-10 11:50:06.556  INFO 1932 --- [restartedMain] o.apache.catalina.core.StandardService   : Starting service [Tomcat]
2021-09-10 11:50:06.556  INFO 1932 --- [restartedMain] org.apache.catalina.core.StandardEngine  : Starting Servlet engine: [Apache Tomcat/9.0.52]
2021-09-10 11:50:06.675  INFO 1932 --- [restartedMain] o.a.c.c.C.[Tomcat].[localhost].[/]       : Initializing Spring embedded WebApplicationContext
2021-09-10 11:50:06.675  INFO 1932 --- [restartedMain] w.s.c.ServletWebServerApplicationContext : Root WebApplicationContext: initialization completed in 2389 ms
2021-09-10 11:50:07.951  INFO 1932 --- [restartedMain] o.s.b.a.w.s.WelcomePageHandlerMapping    : Adding welcome page template: index
2021-09-10 11:50:08.633  INFO 1932 --- [restartedMain] o.s.b.d.a.OptionalLiveReloadServer       : LiveReload server is running on port 35729
2021-09-10 11:50:08.664  INFO 1932 --- [restartedMain] o.s.b.w.embedded.tomcat.TomcatWebServer  : Tomcat started on port(s): 8080 (http) with context path ''
2021-09-10 11:50:08.708  INFO 1932 --- [restartedMain] com.bigbone.blog.BlogApplication         : Started BlogApplication in 5.505 seconds (JVM running for 9.754)
2021-09-10 11:50:10.913  INFO 1932 --- [http-nio-8080-exec-1] o.a.c.c.C.[Tomcat].[localhost].[/]       : Initializing Spring DispatcherServlet 'dispatcherServlet'
2021-09-10 11:50:10.913  INFO 1932 --- [http-nio-8080-exec-1] o.s.web.servlet.DispatcherServlet        : Initializing Servlet 'dispatcherServlet'
2021-09-10 11:50:10.914  INFO 1932 --- [http-nio-8080-exec-1] o.s.web.servlet.DispatcherServlet        : Completed initialization in 1 ms
2021-09-10 11:50:10.949  INFO 1932 --- [http-nio-8080-exec-1] com.bigbone.blog.aspect.LogAspect        : Request : {url='http://localhost:8080/', ip='0:0:0:0:0:0:0:1', classMethod='com.bigbone.blog.controller.IndexController.index', args=[{}, 1]}
2021-09-10 11:50:10.975  INFO 1932 --- [http-nio-8080-exec-1] com.zaxxer.hikari.HikariDataSource       : HikariPool-1 - Starting...
2021-09-10 11:50:11.202  INFO 1932 --- [http-nio-8080-exec-1] com.zaxxer.hikari.HikariDataSource       : HikariPool-1 - Start completed.
2021-09-10 11:50:11.250 DEBUG 1932 --- [http-nio-8080-exec-1] c.b.b.d.BlogDao.getFirstPageBlog_COUNT   : ==>  Preparing: SELECT count(0) FROM myblog.t_blog b, myblog.t_type t, myblog.t_user u WHERE b.type_id = t.id AND u.id = b.user_id AND b.published = true
2021-09-10 11:50:11.273 DEBUG 1932 --- [http-nio-8080-exec-1] c.b.b.d.BlogDao.getFirstPageBlog_COUNT   : ==> Parameters: 
2021-09-10 11:50:11.293 DEBUG 1932 --- [http-nio-8080-exec-1] c.b.b.d.BlogDao.getFirstPageBlog_COUNT   : <==      Total: 1
2021-09-10 11:50:11.295 DEBUG 1932 --- [http-nio-8080-exec-1] c.b.blog.dao.BlogDao.getFirstPageBlog    : ==>  Preparing: select b.id,b.title,b.first_picture, b.views, b.create_time,b.update_time,b.description, t.name, u.nickname, u.avatar from myblog.t_blog b, myblog.t_type t,myblog.t_user u where b.type_id = t.id and u.id = b.user_id and b.published = true order by b.create_time desc LIMIT ?
2021-09-10 11:50:11.296 DEBUG 1932 --- [http-nio-8080-exec-1] c.b.blog.dao.BlogDao.getFirstPageBlog    : ==> Parameters: 5(Integer)
2021-09-10 11:50:11.299 DEBUG 1932 --- [http-nio-8080-exec-1] c.b.blog.dao.BlogDao.getFirstPageBlog    : <==      Total: 1
2021-09-10 11:50:11.304 DEBUG 1932 --- [http-nio-8080-exec-1] com.bigbone.blog.dao.TypeDao.getAllType  : ==>  Preparing: select * from myblog.t_type
2021-09-10 11:50:11.304 DEBUG 1932 --- [http-nio-8080-exec-1] com.bigbone.blog.dao.TypeDao.getAllType  : ==> Parameters: 
2021-09-10 11:50:11.307 DEBUG 1932 --- [http-nio-8080-exec-1] com.bigbone.blog.dao.TypeDao.getAllType  : <==      Total: 1
2021-09-10 11:50:11.308 DEBUG 1932 --- [http-nio-8080-exec-1] c.b.blog.dao.BlogDao.getRecommendBlog    : ==>  Preparing: select * from myblog.t_blog where t_blog.recommend = true and t_blog.published = true order by t_blog.create_time desc limit 5;
2021-09-10 11:50:11.309 DEBUG 1932 --- [http-nio-8080-exec-1] c.b.blog.dao.BlogDao.getRecommendBlog    : ==> Parameters: 
2021-09-10 11:50:11.312 DEBUG 1932 --- [http-nio-8080-exec-1] c.b.blog.dao.BlogDao.getRecommendBlog    : <==      Total: 1
2021-09-10 11:50:11.313  INFO 1932 --- [http-nio-8080-exec-1] com.bigbone.blog.aspect.LogAspect        : Result : index
2021-09-10 11:50:28.613  INFO 1932 --- [http-nio-8080-exec-6] com.bigbone.blog.aspect.LogAspect        : Request : {url='http://localhost:8080/types/-1', ip='0:0:0:0:0:0:0:1', classMethod='com.bigbone.blog.controller.TypeShowController.types', args=[1, -1, {}]}
2021-09-10 11:50:28.618 DEBUG 1932 --- [http-nio-8080-exec-6] com.bigbone.blog.dao.TypeDao.getAllType  : ==>  Preparing: select * from myblog.t_type
2021-09-10 11:50:28.618 DEBUG 1932 --- [http-nio-8080-exec-6] com.bigbone.blog.dao.TypeDao.getAllType  : ==> Parameters: 
2021-09-10 11:50:28.620 DEBUG 1932 --- [http-nio-8080-exec-6] com.bigbone.blog.dao.TypeDao.getAllType  : <==      Total: 1
2021-09-10 11:50:28.623 DEBUG 1932 --- [http-nio-8080-exec-6] c.bigbone.blog.dao.BlogDao.getByTypeId   : ==>  Preparing: select b.id,b.title,b.first_picture, b.views, b.comment_count, b.update_time, b.description, t.name ,u.nickname, u.avatar from myblog.t_blog b, myblog.t_type t,myblog.t_user u where b.type_id = t.id and u.id = b.user_id and b.type_id = ? order by b.update_time desc
2021-09-10 11:50:28.624 DEBUG 1932 --- [http-nio-8080-exec-6] c.bigbone.blog.dao.BlogDao.getByTypeId   : ==> Parameters: 59(Long)
2021-09-10 11:50:28.628 DEBUG 1932 --- [http-nio-8080-exec-6] c.bigbone.blog.dao.BlogDao.getByTypeId   : <==      Total: 1
2021-09-10 11:50:28.628  INFO 1932 --- [http-nio-8080-exec-6] com.bigbone.blog.aspect.LogAspect        : Result : types
2021-09-10 11:50:30.126  INFO 1932 --- [http-nio-8080-exec-2] com.bigbone.blog.aspect.LogAspect        : Request : {url='http://localhost:8080/archives', ip='0:0:0:0:0:0:0:1', classMethod='com.bigbone.blog.controller.ArchiveShowController.archives', args=[{}]}
2021-09-10 11:50:30.131 DEBUG 1932 --- [http-nio-8080-exec-2] c.b.blog.dao.BlogDao.findGroupYear       : ==>  Preparing: select DATE_FORMAT(b.update_time,'%Y') as year from myblog.t_blog b group by year order by year desc
2021-09-10 11:50:30.132 DEBUG 1932 --- [http-nio-8080-exec-2] c.b.blog.dao.BlogDao.findGroupYear       : ==> Parameters: 
2021-09-10 11:50:30.134 DEBUG 1932 --- [http-nio-8080-exec-2] c.b.blog.dao.BlogDao.findGroupYear       : <==      Total: 1
2021-09-10 11:50:30.135 DEBUG 1932 --- [http-nio-8080-exec-2] com.bigbone.blog.dao.BlogDao.findByYear  : ==>  Preparing: select b.id, b.title, b.flag, b.update_Time from myblog.t_blog b where DATE_FORMAT(b.update_time,'%Y') = ? and b.published = true
2021-09-10 11:50:30.136 DEBUG 1932 --- [http-nio-8080-exec-2] com.bigbone.blog.dao.BlogDao.findByYear  : ==> Parameters: 2021(String)
2021-09-10 11:50:30.139 DEBUG 1932 --- [http-nio-8080-exec-2] com.bigbone.blog.dao.BlogDao.findByYear  : <==      Total: 1
2021-09-10 11:50:30.139 DEBUG 1932 --- [http-nio-8080-exec-2] com.bigbone.blog.dao.BlogDao.countBlog   : ==>  Preparing: select count(b.id) from myblog.t_blog b where b.published=true
2021-09-10 11:50:30.140 DEBUG 1932 --- [http-nio-8080-exec-2] com.bigbone.blog.dao.BlogDao.countBlog   : ==> Parameters: 
2021-09-10 11:50:30.141 DEBUG 1932 --- [http-nio-8080-exec-2] com.bigbone.blog.dao.BlogDao.countBlog   : <==      Total: 1
2021-09-10 11:50:30.141  INFO 1932 --- [http-nio-8080-exec-2] com.bigbone.blog.aspect.LogAspect        : Result : archives
2021-09-10 11:50:41.515  INFO 1932 --- [http-nio-8080-exec-3] com.bigbone.blog.aspect.LogAspect        : Request : {url='http://localhost:8080/', ip='0:0:0:0:0:0:0:1', classMethod='com.bigbone.blog.controller.IndexController.index', args=[{}, 1]}
2021-09-10 11:50:41.519 DEBUG 1932 --- [http-nio-8080-exec-3] c.b.b.d.BlogDao.getFirstPageBlog_COUNT   : ==>  Preparing: SELECT count(0) FROM myblog.t_blog b, myblog.t_type t, myblog.t_user u WHERE b.type_id = t.id AND u.id = b.user_id AND b.published = true
2021-09-10 11:50:41.520 DEBUG 1932 --- [http-nio-8080-exec-3] c.b.b.d.BlogDao.getFirstPageBlog_COUNT   : ==> Parameters: 
2021-09-10 11:50:41.521 DEBUG 1932 --- [http-nio-8080-exec-3] c.b.b.d.BlogDao.getFirstPageBlog_COUNT   : <==      Total: 1
2021-09-10 11:50:41.522 DEBUG 1932 --- [http-nio-8080-exec-3] c.b.blog.dao.BlogDao.getFirstPageBlog    : ==>  Preparing: select b.id,b.title,b.first_picture, b.views, b.create_time,b.update_time,b.description, t.name, u.nickname, u.avatar from myblog.t_blog b, myblog.t_type t,myblog.t_user u where b.type_id = t.id and u.id = b.user_id and b.published = true order by b.create_time desc LIMIT ?
2021-09-10 11:50:41.523 DEBUG 1932 --- [http-nio-8080-exec-3] c.b.blog.dao.BlogDao.getFirstPageBlog    : ==> Parameters: 5(Integer)
2021-09-10 11:50:41.526 DEBUG 1932 --- [http-nio-8080-exec-3] c.b.blog.dao.BlogDao.getFirstPageBlog    : <==      Total: 1
2021-09-10 11:50:41.527 DEBUG 1932 --- [http-nio-8080-exec-3] com.bigbone.blog.dao.TypeDao.getAllType  : ==>  Preparing: select * from myblog.t_type
2021-09-10 11:50:41.528 DEBUG 1932 --- [http-nio-8080-exec-3] com.bigbone.blog.dao.TypeDao.getAllType  : ==> Parameters: 
2021-09-10 11:50:41.530 DEBUG 1932 --- [http-nio-8080-exec-3] com.bigbone.blog.dao.TypeDao.getAllType  : <==      Total: 1
2021-09-10 11:50:41.531 DEBUG 1932 --- [http-nio-8080-exec-3] c.b.blog.dao.BlogDao.getRecommendBlog    : ==>  Preparing: select * from myblog.t_blog where t_blog.recommend = true and t_blog.published = true order by t_blog.create_time desc limit 5;
2021-09-10 11:50:41.532 DEBUG 1932 --- [http-nio-8080-exec-3] c.b.blog.dao.BlogDao.getRecommendBlog    : ==> Parameters: 
2021-09-10 11:50:41.534 DEBUG 1932 --- [http-nio-8080-exec-3] c.b.blog.dao.BlogDao.getRecommendBlog    : <==      Total: 1
2021-09-10 11:50:41.534  INFO 1932 --- [http-nio-8080-exec-3] com.bigbone.blog.aspect.LogAspect        : Result : index
